{
  "RSpec": {
    "coverage": {
      "/Users/aksjohn/Projects/gilded-rose/spec/gilded_rose_spec.rb": [
        1,
        1,
        null,
        1,
        null,
        null,
        null,
        null,
        null,
        null,
        null,
        null,
        null,
        3,
        3,
        3,
        3,
        3,
        3,
        null,
        3,
        3,
        null,
        1,
        1,
        1,
        1,
        1,
        null,
        null,
        1,
        1,
        1,
        null,
        null,
        null,
        1,
        null,
        null,
        null,
        null
      ],
      "/Users/aksjohn/Projects/gilded-rose/lib/gilded_rose.rb": [
        1,
        1,
        2,
        null,
        null,
        1,
        2,
        12,
        6,
        6,
        4,
        null,
        null,
        null,
        6,
        4,
        4,
        2,
        0,
        0,
        null,
        null,
        2,
        0,
        0,
        null,
        null,
        null,
        null,
        null,
        12,
        10,
        null,
        12,
        0,
        0,
        0,
        0,
        0,
        null,
        null,
        null,
        0,
        null,
        null,
        0,
        0,
        null,
        null,
        null,
        null,
        null,
        null
      ],
      "/Users/aksjohn/Projects/gilded-rose/lib/item.rb": [
        1,
        1,
        null,
        1,
        12,
        12,
        12,
        null,
        null,
        1,
        0,
        null,
        null
      ],
      "/Users/aksjohn/Projects/gilded-rose/spec/item_spec.rb": [

      ]
    },
    "timestamp": 1504791526
  }
}
